mcf_9578 mcf/9578 0 0 20 20
mcf_11392 mcf/11392 0 0 20 20
mcf_10179 mcf/10179 0 0 20 20
mcf_7230 mcf/7230 0 0 20 20
mcf_9072 mcf/9072 0 0 20 20
mcf_4321 mcf/4321 0 0 20 20
mcf_7319 mcf/7319 0 0 20 20
mcf_10688 mcf/10688 0 0 20 20
mcf_12253 mcf/12253 0 0 20 20
mcf_13940 mcf/13940 0 0 20 20
mcf_1733 mcf/1733 0 0 20 20
mcf_5171 mcf/5171 0 0 20 20
mcf_8336 mcf/8336 0 0 20 20
mcf_8286 mcf/8286 0 0 20 20
mcf_9294 mcf/9294 0 0 20 20
mcf_3283 mcf/3283 0 0 20 20
mcf_5405 mcf/5405 0 0 20 20
omnetpp_20261 omnetpp/20261 0 0 20 20
omnetpp_23580 omnetpp/23580 0 0 20 20
omnetpp_722 omnetpp/722 0 0 20 20
omnetpp_8634 omnetpp/8634 0 0 20 20
omnetpp_232 omnetpp/232 0 0 20 20
omnetpp_16482 omnetpp/16482 0 0 20 20
omnetpp_19013 omnetpp/19013 0 0 20 20
omnetpp_23614 omnetpp/23614 0 0 20 20
omnetpp_443 omnetpp/443 0 0 20 20
omnetpp_15337 omnetpp/15337 0 0 20 20
astar_rivers_17784 astar_rivers/17784 0 0 20 20
astar_rivers_23939 astar_rivers/23939 0 0 20 20
astar_rivers_22685 astar_rivers/22685 0 0 20 20
astar_rivers_8042 astar_rivers/8042 0 0 20 20
astar_rivers_26625 astar_rivers/26625 0 0 20 20
astar_rivers_3208 astar_rivers/3208 0 0 20 20
astar_rivers_26808 astar_rivers/26808 0 0 20 20
astar_rivers_9999 astar_rivers/9999 0 0 20 20
xalancbmk_13778 xalancbmk/13778 0 0 20 20
xalancbmk_6580 xalancbmk/6580 0 0 20 20
xalancbmk_30003 xalancbmk/30003 0 0 20 20
xalancbmk_20929 xalancbmk/20929 0 0 20 20
xalancbmk_8926 xalancbmk/8926 0 0 20 20
xalancbmk_26039 xalancbmk/26039 0 0 20 20
xalancbmk_23797 xalancbmk/23797 0 0 20 20
xalancbmk_29317 xalancbmk/29317 0 0 20 20
xalancbmk_25293 xalancbmk/25293 0 0 20 20
xalancbmk_29593 xalancbmk/29593 0 0 20 20
xalancbmk_34239 xalancbmk/34239 0 0 20 20
xalancbmk_2499 xalancbmk/2499 0 0 20 20
xalancbmk_34536 xalancbmk/34536 0 0 20 20
xalancbmk_22901 xalancbmk/22901 0 0 20 20
xalancbmk_8082 xalancbmk/8082 0 0 20 20
xalancbmk_1720 xalancbmk/1720 0 0 20 20
xalancbmk_38579 xalancbmk/38579 0 0 20 20
xalancbmk_35819 xalancbmk/35819 0 0 20 20
xalancbmk_133 xalancbmk/133 0 0 20 20
xalancbmk_32532 xalancbmk/32532 0 0 20 20
xalancbmk_645 xalancbmk/645 0 0 20 20
xalancbmk_20480 xalancbmk/20480 0 0 20 20
xalancbmk_36054 xalancbmk/36054 0 0 20 20
xalancbmk_3933 xalancbmk/3933 0 0 20 20
xalancbmk_12634 xalancbmk/12634 0 0 20 20
xalancbmk_26958 xalancbmk/26958 0 0 20 20
xalancbmk_30438 xalancbmk/30438 0 0 20 20
xalancbmk_23047 xalancbmk/23047 0 0 20 20
xalancbmk_19713 xalancbmk/19713 0 0 20 20
xalancbmk_13296 xalancbmk/13296 0 0 20 20
xalancbmk_38737 xalancbmk/38737 0 0 20 20
xalancbmk_29650 xalancbmk/29650 0 0 20 20
xalancbmk_6379 xalancbmk/6379 0 0 20 20
xalancbmk_13669 xalancbmk/13669 0 0 20 20
xalancbmk_33880 xalancbmk/33880 0 0 20 20
xalancbmk_16112 xalancbmk/16112 0 0 20 20
xalancbmk_14490 xalancbmk/14490 0 0 20 20
xalancbmk_16845 xalancbmk/16845 0 0 20 20
xalancbmk_29930 xalancbmk/29930 0 0 20 20
xalancbmk_31957 xalancbmk/31957 0 0 20 20
xalancbmk_20515 xalancbmk/20515 0 0 20 20
xalancbmk_26324 xalancbmk/26324 0 0 20 20
xalancbmk_12428 xalancbmk/12428 0 0 20 20
xalancbmk_23231 xalancbmk/23231 0 0 20 20
gcc_expr_4337 gcc_expr/4337 0 0 20 20
gcc_expr_5195 gcc_expr/5195 0 0 20 20
gcc_expr_2549 gcc_expr/2549 0 0 20 20
gcc_expr_906 gcc_expr/906 0 0 20 20
gcc_expr_3097 gcc_expr/3097 0 0 20 20
gcc_expr_3111 gcc_expr/3111 0 0 20 20
gcc_expr_1650 gcc_expr/1650 0 0 20 20
gcc_expr_3657 gcc_expr/3657 0 0 20 20
gcc_expr_5093 gcc_expr/5093 0 0 20 20
gcc_expr_189 gcc_expr/189 0 0 20 20
gcc_expr_1935 gcc_expr/1935 0 0 20 20
gcc_expr_476 gcc_expr/476 0 0 20 20
gcc_expr_4574 gcc_expr/4574 0 0 20 20
gcc_expr_4982 gcc_expr/4982 0 0 20 20
gcc_expr_605 gcc_expr/605 0 0 20 20
gcc_expr_1728 gcc_expr/1728 0 0 20 20
gcc_expr_2192 gcc_expr/2192 0 0 20 20
gcc_expr_153 gcc_expr/153 0 0 20 20
gcc_expr_241 gcc_expr/241 0 0 20 20
gcc_expr_4656 gcc_expr/4656 0 0 20 20
bzip2_html_10255 bzip2_html/10255 0 0 20 20
bzip2_html_13936 bzip2_html/13936 0 0 20 20
bzip2_html_7440 bzip2_html/7440 0 0 20 20
bzip2_html_10473 bzip2_html/10473 0 0 20 20
bzip2_html_21714 bzip2_html/21714 0 0 20 20
bzip2_html_4110 bzip2_html/4110 0 0 20 20
bzip2_html_2892 bzip2_html/2892 0 0 20 20
bzip2_html_12420 bzip2_html/12420 0 0 20 20
bzip2_html_9573 bzip2_html/9573 0 0 20 20
bzip2_html_22657 bzip2_html/22657 0 0 20 20
bzip2_html_326 bzip2_html/326 0 0 20 20
bzip2_html_29915 bzip2_html/29915 0 0 20 20
bzip2_html_36341 bzip2_html/36341 0 0 20 20
bzip2_html_14988 bzip2_html/14988 0 0 20 20
bzip2_html_22074 bzip2_html/22074 0 0 20 20
bzip2_html_34556 bzip2_html/34556 0 0 20 20
bzip2_html_18566 bzip2_html/18566 0 0 20 20
bzip2_html_20036 bzip2_html/20036 0 0 20 20
bzip2_html_12894 bzip2_html/12894 0 0 20 20
bzip2_html_5370 bzip2_html/5370 0 0 20 20
bzip2_html_12944 bzip2_html/12944 0 0 20 20
bzip2_combined_6561 bzip2_combined/6561 0 0 20 20
bzip2_combined_475 bzip2_combined/475 0 0 20 20
bzip2_combined_3734 bzip2_combined/3734 0 0 20 20
bzip2_combined_4027 bzip2_combined/4027 0 0 20 20
bzip2_combined_6624 bzip2_combined/6624 0 0 20 20
bzip2_combined_1118 bzip2_combined/1118 0 0 20 20
bzip2_combined_11102 bzip2_combined/11102 0 0 20 20
bzip2_combined_11569 bzip2_combined/11569 0 0 20 20
bzip2_combined_8340 bzip2_combined/8340 0 0 20 20
bzip2_combined_5721 bzip2_combined/5721 0 0 20 20
bzip2_combined_3615 bzip2_combined/3615 0 0 20 20
bzip2_combined_7997 bzip2_combined/7997 0 0 20 20
bzip2_combined_11293 bzip2_combined/11293 0 0 20 20
bzip2_combined_7116 bzip2_combined/7116 0 0 20 20
bzip2_combined_5156 bzip2_combined/5156 0 0 20 20
bzip2_combined_10759 bzip2_combined/10759 0 0 20 20
bzip2_combined_15372 bzip2_combined/15372 0 0 20 20
bzip2_combined_4508 bzip2_combined/4508 0 0 20 20
bzip2_combined_2144 bzip2_combined/2144 0 0 20 20
bzip2_combined_16712 bzip2_combined/16712 0 0 20 20
bzip2_combined_12694 bzip2_combined/12694 0 0 20 20
bzip2_combined_8745 bzip2_combined/8745 0 0 20 20
bzip2_source_8439 bzip2_source/8439 0 0 20 20
bzip2_source_11803 bzip2_source/11803 0 0 20 20
bzip2_source_4063 bzip2_source/4063 0 0 20 20
bzip2_source_13103 bzip2_source/13103 0 0 20 20
bzip2_source_20944 bzip2_source/20944 0 0 20 20
bzip2_source_10285 bzip2_source/10285 0 0 20 20
bzip2_source_3638 bzip2_source/3638 0 0 20 20
bzip2_source_14618 bzip2_source/14618 0 0 20 20
bzip2_source_16577 bzip2_source/16577 0 0 20 20
bzip2_source_16593 bzip2_source/16593 0 0 20 20
bzip2_source_21236 bzip2_source/21236 0 0 20 20
bzip2_source_21459 bzip2_source/21459 0 0 20 20
bzip2_source_5329 bzip2_source/5329 0 0 20 20
bzip2_source_5008 bzip2_source/5008 0 0 20 20
bzip2_source_22151 bzip2_source/22151 0 0 20 20
bzip2_source_13590 bzip2_source/13590 0 0 20 20
bzip2_source_1947 bzip2_source/1947 0 0 20 20
bzip2_source_12053 bzip2_source/12053 0 0 20 20
bzip2_source_5655 bzip2_source/5655 0 0 20 20
bzip2_source_7959 bzip2_source/7959 0 0 20 20
bzip2_source_10500 bzip2_source/10500 0 0 20 20
bzip2_source_6808 bzip2_source/6808 0 0 20 20
perlbench_splitmail_482 perlbench_splitmail/482 0 0 20 20
perlbench_splitmail_14833 perlbench_splitmail/14833 0 0 20 20
perlbench_splitmail_10442 perlbench_splitmail/10442 0 0 20 20
perlbench_splitmail_22905 perlbench_splitmail/22905 0 0 20 20
perlbench_splitmail_9609 perlbench_splitmail/9609 0 0 20 20
perlbench_splitmail_23208 perlbench_splitmail/23208 0 0 20 20
perlbench_splitmail_20038 perlbench_splitmail/20038 0 0 20 20
perlbench_splitmail_25006 perlbench_splitmail/25006 0 0 20 20
perlbench_splitmail_15502 perlbench_splitmail/15502 0 0 20 20
perlbench_splitmail_26940 perlbench_splitmail/26940 0 0 20 20
perlbench_splitmail_3686 perlbench_splitmail/3686 0 0 20 20
perlbench_splitmail_13631 perlbench_splitmail/13631 0 0 20 20
perlbench_splitmail_10409 perlbench_splitmail/10409 0 0 20 20
perlbench_splitmail_24687 perlbench_splitmail/24687 0 0 20 20
perlbench_splitmail_29512 perlbench_splitmail/29512 0 0 20 20
perlbench_splitmail_30647 perlbench_splitmail/30647 0 0 20 20
perlbench_splitmail_9754 perlbench_splitmail/9754 0 0 20 20
perlbench_splitmail_13710 perlbench_splitmail/13710 0 0 20 20
gobmk_nngs_1792 gobmk_nngs/1792 0 0 20 20
gobmk_nngs_23820 gobmk_nngs/23820 0 0 20 20
gobmk_nngs_6711 gobmk_nngs/6711 0 0 20 20
gobmk_nngs_22932 gobmk_nngs/22932 0 0 20 20
gobmk_nngs_10574 gobmk_nngs/10574 0 0 20 20
gobmk_nngs_29149 gobmk_nngs/29149 0 0 20 20
gobmk_nngs_28357 gobmk_nngs/28357 0 0 20 20
gobmk_nngs_10377 gobmk_nngs/10377 0 0 20 20
gobmk_nngs_24621 gobmk_nngs/24621 0 0 20 20
gobmk_nngs_1392 gobmk_nngs/1392 0 0 20 20
gobmk_nngs_4348 gobmk_nngs/4348 0 0 20 20
gobmk_nngs_18098 gobmk_nngs/18098 0 0 20 20
gobmk_nngs_24124 gobmk_nngs/24124 0 0 20 20
gobmk_nngs_25453 gobmk_nngs/25453 0 0 20 20
gobmk_nngs_1954 gobmk_nngs/1954 0 0 20 20
gobmk_nngs_19491 gobmk_nngs/19491 0 0 20 20
gobmk_nngs_5856 gobmk_nngs/5856 0 0 20 20
gobmk_nngs_9129 gobmk_nngs/9129 0 0 20 20
gobmk_nngs_25428 gobmk_nngs/25428 0 0 20 20
gobmk_nngs_20382 gobmk_nngs/20382 0 0 20 20
gobmk_nngs_23400 gobmk_nngs/23400 0 0 20 20
gobmk_nngs_1185 gobmk_nngs/1185 0 0 20 20
gcc_typeck_1314 gcc_typeck/1314 0 0 20 20
gcc_typeck_1568 gcc_typeck/1568 0 0 20 20
gcc_typeck_755 gcc_typeck/755 0 0 20 20
gcc_typeck_1331 gcc_typeck/1331 0 0 20 20
gcc_typeck_5224 gcc_typeck/5224 0 0 20 20
gcc_typeck_44 gcc_typeck/44 0 0 20 20
gcc_typeck_93 gcc_typeck/93 0 0 20 20
gcc_typeck_1626 gcc_typeck/1626 0 0 20 20
gcc_typeck_6197 gcc_typeck/6197 0 0 20 20
gcc_typeck_5197 gcc_typeck/5197 0 0 20 20
gcc_typeck_1843 gcc_typeck/1843 0 0 20 20
gcc_typeck_867 gcc_typeck/867 0 0 20 20
gcc_typeck_2809 gcc_typeck/2809 0 0 20 20
gcc_typeck_4439 gcc_typeck/4439 0 0 20 20
gcc_typeck_6436 gcc_typeck/6436 0 0 20 20
gcc_typeck_2716 gcc_typeck/2716 0 0 20 20
gcc_typeck_830 gcc_typeck/830 0 0 20 20
gcc_typeck_5518 gcc_typeck/5518 0 0 20 20
gcc_typeck_1083 gcc_typeck/1083 0 0 20 20
gcc_typeck_29 gcc_typeck/29 0 0 20 20
gcc_typeck_4224 gcc_typeck/4224 0 0 20 20
gcc_typeck_3453 gcc_typeck/3453 0 0 20 20
gcc_typeck_5482 gcc_typeck/5482 0 0 20 20
gcc_200_5114 gcc_200/5114 0 0 20 20
gcc_200_1187 gcc_200/1187 0 0 20 20
gcc_200_6170 gcc_200/6170 0 0 20 20
gcc_200_4784 gcc_200/4784 0 0 20 20
gcc_200_6317 gcc_200/6317 0 0 20 20
gcc_200_7124 gcc_200/7124 0 0 20 20
gcc_200_5450 gcc_200/5450 0 0 20 20
gcc_200_5849 gcc_200/5849 0 0 20 20
gcc_200_3500 gcc_200/3500 0 0 20 20
gcc_200_674 gcc_200/674 0 0 20 20
gcc_200_1595 gcc_200/1595 0 0 20 20
gcc_200_6849 gcc_200/6849 0 0 20 20
gcc_200_1562 gcc_200/1562 0 0 20 20
gcc_200_3985 gcc_200/3985 0 0 20 20
gcc_200_492 gcc_200/492 0 0 20 20
gcc_200_2581 gcc_200/2581 0 0 20 20
gcc_200_4436 gcc_200/4436 0 0 20 20
gcc_200_2872 gcc_200/2872 0 0 20 20
gcc_200_1208 gcc_200/1208 0 0 20 20
gcc_200_4470 gcc_200/4470 0 0 20 20
perlbench_diffmail_164 perlbench_diffmail/164 0 0 20 20
perlbench_diffmail_13017 perlbench_diffmail/13017 0 0 20 20
perlbench_diffmail_9464 perlbench_diffmail/9464 0 0 20 20
perlbench_diffmail_20307 perlbench_diffmail/20307 0 0 20 20
perlbench_diffmail_9468 perlbench_diffmail/9468 0 0 20 20
perlbench_diffmail_18104 perlbench_diffmail/18104 0 0 20 20
perlbench_diffmail_13030 perlbench_diffmail/13030 0 0 20 20
perlbench_diffmail_6649 perlbench_diffmail/6649 0 0 20 20
perlbench_diffmail_15 perlbench_diffmail/15 0 0 20 20
perlbench_diffmail_15833 perlbench_diffmail/15833 0 0 20 20
perlbench_diffmail_3138 perlbench_diffmail/3138 0 0 20 20
perlbench_diffmail_20085 perlbench_diffmail/20085 0 0 20 20
astar_biglakes_7756 astar_biglakes/7756 0 0 20 20
astar_biglakes_372 astar_biglakes/372 0 0 20 20
astar_biglakes_2328 astar_biglakes/2328 0 0 20 20
astar_biglakes_314 astar_biglakes/314 0 0 20 20
astar_biglakes_3267 astar_biglakes/3267 0 0 20 20
astar_biglakes_562 astar_biglakes/562 0 0 20 20
astar_biglakes_7035 astar_biglakes/7035 0 0 20 20
astar_biglakes_13437 astar_biglakes/13437 0 0 20 20
astar_biglakes_31 astar_biglakes/31 0 0 20 20
gcc_cpdecl_280 gcc_cpdecl/280 0 0 20 20
gcc_cpdecl_46 gcc_cpdecl/46 0 0 20 20
gcc_cpdecl_4135 gcc_cpdecl/4135 0 0 20 20
gcc_cpdecl_2212 gcc_cpdecl/2212 0 0 20 20
gcc_cpdecl_290 gcc_cpdecl/290 0 0 20 20
gcc_cpdecl_4474 gcc_cpdecl/4474 0 0 20 20
gcc_cpdecl_4027 gcc_cpdecl/4027 0 0 20 20
gcc_cpdecl_2233 gcc_cpdecl/2233 0 0 20 20
gcc_cpdecl_3665 gcc_cpdecl/3665 0 0 20 20
gcc_cpdecl_494 gcc_cpdecl/494 0 0 20 20
gcc_cpdecl_4620 gcc_cpdecl/4620 0 0 20 20
gcc_cpdecl_220 gcc_cpdecl/220 0 0 20 20
gcc_cpdecl_3763 gcc_cpdecl/3763 0 0 20 20
gcc_cpdecl_4292 gcc_cpdecl/4292 0 0 20 20
gcc_cpdecl_1410 gcc_cpdecl/1410 0 0 20 20
gcc_cpdecl_3623 gcc_cpdecl/3623 0 0 20 20
gcc_cpdecl_4619 gcc_cpdecl/4619 0 0 20 20
gcc_cpdecl_4171 gcc_cpdecl/4171 0 0 20 20
gcc_cpdecl_1305 gcc_cpdecl/1305 0 0 20 20
gcc_cpdecl_4360 gcc_cpdecl/4360 0 0 20 20
gcc_cpdecl_4319 gcc_cpdecl/4319 0 0 20 20
gobmk_trevorc_4614 gobmk_trevorc/4614 0 0 20 20
gobmk_trevorc_7873 gobmk_trevorc/7873 0 0 20 20
gobmk_trevorc_7777 gobmk_trevorc/7777 0 0 20 20
gobmk_trevorc_9654 gobmk_trevorc/9654 0 0 20 20
gobmk_trevorc_4336 gobmk_trevorc/4336 0 0 20 20
gobmk_trevorc_6207 gobmk_trevorc/6207 0 0 20 20
gobmk_trevorc_1951 gobmk_trevorc/1951 0 0 20 20
gobmk_trevorc_10523 gobmk_trevorc/10523 0 0 20 20
gobmk_trevorc_9643 gobmk_trevorc/9643 0 0 20 20
gobmk_trevorc_10592 gobmk_trevorc/10592 0 0 20 20
gobmk_trevorc_2978 gobmk_trevorc/2978 0 0 20 20
gobmk_trevorc_5257 gobmk_trevorc/5257 0 0 20 20
gobmk_trevorc_10771 gobmk_trevorc/10771 0 0 20 20
gobmk_trevorc_7624 gobmk_trevorc/7624 0 0 20 20
gobmk_trevorc_5308 gobmk_trevorc/5308 0 0 20 20
gobmk_trevorc_7017 gobmk_trevorc/7017 0 0 20 20
gobmk_trevorc_1093 gobmk_trevorc/1093 0 0 20 20
gobmk_trevorc_10146 gobmk_trevorc/10146 0 0 20 20
gobmk_trevorc_4084 gobmk_trevorc/4084 0 0 20 20
gobmk_trevorc_11160 gobmk_trevorc/11160 0 0 20 20
gobmk_trevorc_3142 gobmk_trevorc/3142 0 0 20 20
gobmk_trevorc_1725 gobmk_trevorc/1725 0 0 20 20
gobmk_trevorc_4605 gobmk_trevorc/4605 0 0 20 20
gobmk_trevorc_7916 gobmk_trevorc/7916 0 0 20 20
gobmk_trevorc_9192 gobmk_trevorc/9192 0 0 20 20
gobmk_trevorc_5812 gobmk_trevorc/5812 0 0 20 20
gobmk_trevorc_6458 gobmk_trevorc/6458 0 0 20 20
gobmk_score2_13056 gobmk_score2/13056 0 0 20 20
gobmk_score2_13713 gobmk_score2/13713 0 0 20 20
gobmk_score2_1710 gobmk_score2/1710 0 0 20 20
gobmk_score2_12318 gobmk_score2/12318 0 0 20 20
gobmk_score2_299 gobmk_score2/299 0 0 20 20
gobmk_score2_4854 gobmk_score2/4854 0 0 20 20
gobmk_score2_213 gobmk_score2/213 0 0 20 20
gobmk_score2_4597 gobmk_score2/4597 0 0 20 20
gobmk_score2_4622 gobmk_score2/4622 0 0 20 20
gobmk_score2_14788 gobmk_score2/14788 0 0 20 20
gobmk_score2_11729 gobmk_score2/11729 0 0 20 20
gobmk_score2_5045 gobmk_score2/5045 0 0 20 20
gobmk_score2_14402 gobmk_score2/14402 0 0 20 20
gobmk_score2_15236 gobmk_score2/15236 0 0 20 20
gobmk_score2_2209 gobmk_score2/2209 0 0 20 20
gobmk_score2_14133 gobmk_score2/14133 0 0 20 20
gobmk_score2_14717 gobmk_score2/14717 0 0 20 20
gobmk_score2_13979 gobmk_score2/13979 0 0 20 20
gobmk_score2_8112 gobmk_score2/8112 0 0 20 20
gcc_expr2_2948 gcc_expr2/2948 0 0 20 20
gcc_expr2_4116 gcc_expr2/4116 0 0 20 20
gcc_expr2_6904 gcc_expr2/6904 0 0 20 20
gcc_expr2_5749 gcc_expr2/5749 0 0 20 20
gcc_expr2_1098 gcc_expr2/1098 0 0 20 20
gcc_expr2_2551 gcc_expr2/2551 0 0 20 20
gcc_expr2_991 gcc_expr2/991 0 0 20 20
gcc_expr2_6119 gcc_expr2/6119 0 0 20 20
gcc_expr2_794 gcc_expr2/794 0 0 20 20
gcc_expr2_4347 gcc_expr2/4347 0 0 20 20
gcc_expr2_6791 gcc_expr2/6791 0 0 20 20
gcc_expr2_1406 gcc_expr2/1406 0 0 20 20
gcc_expr2_1803 gcc_expr2/1803 0 0 20 20
gcc_expr2_786 gcc_expr2/786 0 0 20 20
gcc_expr2_4176 gcc_expr2/4176 0 0 20 20
gcc_expr2_1529 gcc_expr2/1529 0 0 20 20
gcc_expr2_5599 gcc_expr2/5599 0 0 20 20
gcc_expr2_5509 gcc_expr2/5509 0 0 20 20
gcc_expr2_4031 gcc_expr2/4031 0 0 20 20
gcc_expr2_6303 gcc_expr2/6303 0 0 20 20
gcc_expr2_6943 gcc_expr2/6943 0 0 20 20
gcc_expr2_4175 gcc_expr2/4175 0 0 20 20
gcc_expr2_6639 gcc_expr2/6639 0 0 20 20
gcc_scilab_248 gcc_scilab/248 0 0 20 20
gcc_scilab_1931 gcc_scilab/1931 0 0 20 20
gcc_scilab_1194 gcc_scilab/1194 0 0 20 20
gcc_scilab_405 gcc_scilab/405 0 0 20 20
gcc_scilab_881 gcc_scilab/881 0 0 20 20
gcc_scilab_2811 gcc_scilab/2811 0 0 20 20
gcc_scilab_1387 gcc_scilab/1387 0 0 20 20
gcc_scilab_258 gcc_scilab/258 0 0 20 20
gcc_scilab_643 gcc_scilab/643 0 0 20 20
gcc_scilab_1025 gcc_scilab/1025 0 0 20 20
gcc_scilab_451 gcc_scilab/451 0 0 20 20
gcc_scilab_1438 gcc_scilab/1438 0 0 20 20
gcc_scilab_1040 gcc_scilab/1040 0 0 20 20
gcc_scilab_2672 gcc_scilab/2672 0 0 20 20
gcc_scilab_2089 gcc_scilab/2089 0 0 20 20
gcc_scilab_443 gcc_scilab/443 0 0 20 20
gcc_scilab_146 gcc_scilab/146 0 0 20 20
gcc_scilab_1321 gcc_scilab/1321 0 0 20 20
gcc_scilab_2693 gcc_scilab/2693 0 0 20 20
gcc_scilab_337 gcc_scilab/337 0 0 20 20
gcc_scilab_956 gcc_scilab/956 0 0 20 20
gcc_s04_5741 gcc_s04/5741 0 0 20 20
gcc_s04_6623 gcc_s04/6623 0 0 20 20
gcc_s04_6804 gcc_s04/6804 0 0 20 20
gcc_s04_1824 gcc_s04/1824 0 0 20 20
gcc_s04_4953 gcc_s04/4953 0 0 20 20
gcc_s04_6031 gcc_s04/6031 0 0 20 20
gcc_s04_5027 gcc_s04/5027 0 0 20 20
gcc_s04_7121 gcc_s04/7121 0 0 20 20
gcc_s04_7004 gcc_s04/7004 0 0 20 20
gcc_s04_2957 gcc_s04/2957 0 0 20 20
gcc_s04_4558 gcc_s04/4558 0 0 20 20
gcc_s04_681 gcc_s04/681 0 0 20 20
gcc_s04_6725 gcc_s04/6725 0 0 20 20
gcc_s04_7493 gcc_s04/7493 0 0 20 20
gcc_s04_7875 gcc_s04/7875 0 0 20 20
gcc_s04_7945 gcc_s04/7945 0 0 20 20
gcc_s04_1315 gcc_s04/1315 0 0 20 20
gcc_s04_379 gcc_s04/379 0 0 20 20
gcc_s04_4887 gcc_s04/4887 0 0 20 20
gcc_s04_7663 gcc_s04/7663 0 0 20 20
gcc_s04_5168 gcc_s04/5168 0 0 20 20
gcc_s04_7555 gcc_s04/7555 0 0 20 20
gcc_s04_5449 gcc_s04/5449 0 0 20 20
gcc_s04_255 gcc_s04/255 0 0 20 20
gcc_s04_3244 gcc_s04/3244 0 0 20 20
gcc_s04_6393 gcc_s04/6393 0 0 20 20
h264ref_foreman.main_12537 h264ref_foreman.main/12537 0 0 20 20
h264ref_foreman.main_13468 h264ref_foreman.main/13468 0 0 20 20
h264ref_foreman.main_22847 h264ref_foreman.main/22847 0 0 20 20
h264ref_foreman.main_20206 h264ref_foreman.main/20206 0 0 20 20
h264ref_foreman.main_12419 h264ref_foreman.main/12419 0 0 20 20
h264ref_foreman.main_8751 h264ref_foreman.main/8751 0 0 20 20
h264ref_foreman.main_21701 h264ref_foreman.main/21701 0 0 20 20
h264ref_foreman.main_11805 h264ref_foreman.main/11805 0 0 20 20
h264ref_foreman.main_16107 h264ref_foreman.main/16107 0 0 20 20
h264ref_foreman.main_3807 h264ref_foreman.main/3807 0 0 20 20
h264ref_foreman.main_12369 h264ref_foreman.main/12369 0 0 20 20
h264ref_foreman.main_1495 h264ref_foreman.main/1495 0 0 20 20
h264ref_foreman.main_22387 h264ref_foreman.main/22387 0 0 20 20
h264ref_foreman.main_18695 h264ref_foreman.main/18695 0 0 20 20
h264ref_foreman.main_7969 h264ref_foreman.main/7969 0 0 20 20
h264ref_foreman.main_10651 h264ref_foreman.main/10651 0 0 20 20
h264ref_foreman.main_4387 h264ref_foreman.main/4387 0 0 20 20
h264ref_foreman.main_7140 h264ref_foreman.main/7140 0 0 20 20
h264ref_foreman.main_854 h264ref_foreman.main/854 0 0 20 20
h264ref_foreman.main_16012 h264ref_foreman.main/16012 0 0 20 20
hmmer_nph3_41685 hmmer_nph3/41685 0 0 20 20
hmmer_nph3_14430 hmmer_nph3/14430 0 0 20 20
hmmer_nph3_33586 hmmer_nph3/33586 0 0 20 20
hmmer_nph3_46771 hmmer_nph3/46771 0 0 20 20
hmmer_nph3_31576 hmmer_nph3/31576 0 0 20 20
hmmer_nph3_2887 hmmer_nph3/2887 0 0 20 20
hmmer_nph3_19180 hmmer_nph3/19180 0 0 20 20
hmmer_nph3_9545 hmmer_nph3/9545 0 0 20 20
hmmer_nph3_1845 hmmer_nph3/1845 0 0 20 20
hmmer_nph3_0 hmmer_nph3/0 0 0 20 20
hmmer_nph3_41515 hmmer_nph3/41515 0 0 20 20
hmmer_nph3_33598 hmmer_nph3/33598 0 0 20 20
h264ref_foreman.baseline_20222 h264ref_foreman.baseline/20222 0 0 20 20
h264ref_foreman.baseline_19006 h264ref_foreman.baseline/19006 0 0 20 20
h264ref_foreman.baseline_22953 h264ref_foreman.baseline/22953 0 0 20 20
h264ref_foreman.baseline_10070 h264ref_foreman.baseline/10070 0 0 20 20
h264ref_foreman.baseline_20048 h264ref_foreman.baseline/20048 0 0 20 20
h264ref_foreman.baseline_20899 h264ref_foreman.baseline/20899 0 0 20 20
h264ref_foreman.baseline_5042 h264ref_foreman.baseline/5042 0 0 20 20
h264ref_foreman.baseline_1062 h264ref_foreman.baseline/1062 0 0 20 20
h264ref_foreman.baseline_5102 h264ref_foreman.baseline/5102 0 0 20 20
h264ref_foreman.baseline_17931 h264ref_foreman.baseline/17931 0 0 20 20
h264ref_foreman.baseline_15388 h264ref_foreman.baseline/15388 0 0 20 20
h264ref_foreman.baseline_15239 h264ref_foreman.baseline/15239 0 0 20 20
h264ref_foreman.baseline_793 h264ref_foreman.baseline/793 0 0 20 20
h264ref_foreman.baseline_5512 h264ref_foreman.baseline/5512 0 0 20 20
h264ref_foreman.baseline_19911 h264ref_foreman.baseline/19911 0 0 20 20
h264ref_foreman.baseline_369 h264ref_foreman.baseline/369 0 0 20 20
h264ref_foreman.baseline_20138 h264ref_foreman.baseline/20138 0 0 20 20
sjeng_26662 sjeng/26662 0 0 20 20
sjeng_101665 sjeng/101665 0 0 20 20
sjeng_58471 sjeng/58471 0 0 20 20
sjeng_24973 sjeng/24973 0 0 20 20
sjeng_50728 sjeng/50728 0 0 20 20
sjeng_118831 sjeng/118831 0 0 20 20
sjeng_11033 sjeng/11033 0 0 20 20
sjeng_66175 sjeng/66175 0 0 20 20
sjeng_7084 sjeng/7084 0 0 20 20
sjeng_82720 sjeng/82720 0 0 20 20
sjeng_84999 sjeng/84999 0 0 20 20
sjeng_50507 sjeng/50507 0 0 20 20
sjeng_119220 sjeng/119220 0 0 20 20
sjeng_983 sjeng/983 0 0 20 20
bzip2_chicken_728 bzip2_chicken/728 0 0 20 20
bzip2_chicken_4612 bzip2_chicken/4612 0 0 20 20
bzip2_chicken_468 bzip2_chicken/468 0 0 20 20
bzip2_chicken_2780 bzip2_chicken/2780 0 0 20 20
bzip2_chicken_2820 bzip2_chicken/2820 0 0 20 20
bzip2_chicken_262 bzip2_chicken/262 0 0 20 20
bzip2_chicken_6137 bzip2_chicken/6137 0 0 20 20
bzip2_chicken_813 bzip2_chicken/813 0 0 20 20
bzip2_chicken_5093 bzip2_chicken/5093 0 0 20 20
bzip2_chicken_2717 bzip2_chicken/2717 0 0 20 20
bzip2_chicken_929 bzip2_chicken/929 0 0 20 20
bzip2_chicken_6971 bzip2_chicken/6971 0 0 20 20
bzip2_chicken_3610 bzip2_chicken/3610 0 0 20 20
bzip2_chicken_1649 bzip2_chicken/1649 0 0 20 20
bzip2_chicken_4358 bzip2_chicken/4358 0 0 20 20
bzip2_chicken_155 bzip2_chicken/155 0 0 20 20
bzip2_chicken_1429 bzip2_chicken/1429 0 0 20 20
bzip2_chicken_5816 bzip2_chicken/5816 0 0 20 20
bzip2_chicken_3301 bzip2_chicken/3301 0 0 20 20
perlbench_checkspam_21626 perlbench_checkspam/21626 0 0 20 20
perlbench_checkspam_279 perlbench_checkspam/279 0 0 20 20
perlbench_checkspam_36950 perlbench_checkspam/36950 0 0 20 20
perlbench_checkspam_9118 perlbench_checkspam/9118 0 0 20 20
perlbench_checkspam_32626 perlbench_checkspam/32626 0 0 20 20
perlbench_checkspam_40895 perlbench_checkspam/40895 0 0 20 20
perlbench_checkspam_21953 perlbench_checkspam/21953 0 0 20 20
perlbench_checkspam_5170 perlbench_checkspam/5170 0 0 20 20
perlbench_checkspam_24373 perlbench_checkspam/24373 0 0 20 20
perlbench_checkspam_24350 perlbench_checkspam/24350 0 0 20 20
perlbench_checkspam_25976 perlbench_checkspam/25976 0 0 20 20
perlbench_checkspam_1495 perlbench_checkspam/1495 0 0 20 20
perlbench_checkspam_23592 perlbench_checkspam/23592 0 0 20 20
perlbench_checkspam_45571 perlbench_checkspam/45571 0 0 20 20
perlbench_checkspam_47387 perlbench_checkspam/47387 0 0 20 20
perlbench_checkspam_31059 perlbench_checkspam/31059 0 0 20 20
perlbench_checkspam_20915 perlbench_checkspam/20915 0 0 20 20
gobmk_trevord_7593 gobmk_trevord/7593 0 0 20 20
gobmk_trevord_4165 gobmk_trevord/4165 0 0 20 20
gobmk_trevord_13978 gobmk_trevord/13978 0 0 20 20
gobmk_trevord_5970 gobmk_trevord/5970 0 0 20 20
gobmk_trevord_13285 gobmk_trevord/13285 0 0 20 20
gobmk_trevord_15582 gobmk_trevord/15582 0 0 20 20
gobmk_trevord_2050 gobmk_trevord/2050 0 0 20 20
gobmk_trevord_10532 gobmk_trevord/10532 0 0 20 20
gobmk_trevord_13872 gobmk_trevord/13872 0 0 20 20
gobmk_trevord_12138 gobmk_trevord/12138 0 0 20 20
gobmk_trevord_14638 gobmk_trevord/14638 0 0 20 20
gobmk_trevord_1111 gobmk_trevord/1111 0 0 20 20
gobmk_trevord_1515 gobmk_trevord/1515 0 0 20 20
gobmk_trevord_12670 gobmk_trevord/12670 0 0 20 20
gobmk_trevord_4502 gobmk_trevord/4502 0 0 20 20
gobmk_trevord_7886 gobmk_trevord/7886 0 0 20 20
gobmk_trevord_801 gobmk_trevord/801 0 0 20 20
gobmk_trevord_12004 gobmk_trevord/12004 0 0 20 20
gobmk_trevord_14877 gobmk_trevord/14877 0 0 20 20
gobmk_trevord_9512 gobmk_trevord/9512 0 0 20 20
gobmk_trevord_9037 gobmk_trevord/9037 0 0 20 20
gobmk_trevord_9624 gobmk_trevord/9624 0 0 20 20
gobmk_trevord_8922 gobmk_trevord/8922 0 0 20 20
gcc_g23_6787 gcc_g23/6787 0 0 20 20
gcc_g23_6891 gcc_g23/6891 0 0 20 20
gcc_g23_5801 gcc_g23/5801 0 0 20 20
gcc_g23_6364 gcc_g23/6364 0 0 20 20
gcc_g23_8992 gcc_g23/8992 0 0 20 20
gcc_g23_535 gcc_g23/535 0 0 20 20
gcc_g23_2257 gcc_g23/2257 0 0 20 20
gcc_g23_1770 gcc_g23/1770 0 0 20 20
gcc_g23_1841 gcc_g23/1841 0 0 20 20
gcc_g23_2461 gcc_g23/2461 0 0 20 20
gcc_g23_6852 gcc_g23/6852 0 0 20 20
gcc_g23_3901 gcc_g23/3901 0 0 20 20
gcc_g23_1442 gcc_g23/1442 0 0 20 20
gcc_g23_3559 gcc_g23/3559 0 0 20 20
gcc_g23_8920 gcc_g23/8920 0 0 20 20
gcc_g23_4059 gcc_g23/4059 0 0 20 20
gcc_g23_7011 gcc_g23/7011 0 0 20 20
gcc_g23_5211 gcc_g23/5211 0 0 20 20
gcc_166_1237 gcc_166/1237 0 0 20 20
gcc_166_2569 gcc_166/2569 0 0 20 20
gcc_166_2042 gcc_166/2042 0 0 20 20
gcc_166_3512 gcc_166/3512 0 0 20 20
gcc_166_1817 gcc_166/1817 0 0 20 20
gcc_166_147 gcc_166/147 0 0 20 20
gcc_166_1361 gcc_166/1361 0 0 20 20
gcc_166_23 gcc_166/23 0 0 20 20
gcc_166_2274 gcc_166/2274 0 0 20 20
gcc_166_2766 gcc_166/2766 0 0 20 20
gcc_166_1055 gcc_166/1055 0 0 20 20
gcc_166_3354 gcc_166/3354 0 0 20 20
gcc_166_3117 gcc_166/3117 0 0 20 20
gcc_166_1475 gcc_166/1475 0 0 20 20
gcc_166_1894 gcc_166/1894 0 0 20 20
gcc_166_83 gcc_166/83 0 0 20 20
gcc_166_3336 gcc_166/3336 0 0 20 20
gcc_166_1510 gcc_166/1510 0 0 20 20
gcc_166_219 gcc_166/219 0 0 20 20
libquantum_101164 libquantum/101164 0 0 20 20
libquantum_14430 libquantum/14430 0 0 20 20
libquantum_64624 libquantum/64624 0 0 20 20
libquantum_39228 libquantum/39228 0 0 20 20
libquantum_97821 libquantum/97821 0 0 20 20
libquantum_72640 libquantum/72640 0 0 20 20
libquantum_96240 libquantum/96240 0 0 20 20
libquantum_22269 libquantum/22269 0 0 20 20
libquantum_69779 libquantum/69779 0 0 20 20
libquantum_54695 libquantum/54695 0 0 20 20
libquantum_58444 libquantum/58444 0 0 20 20
libquantum_37989 libquantum/37989 0 0 20 20
libquantum_18943 libquantum/18943 0 0 20 20
libquantum_25990 libquantum/25990 0 0 20 20
libquantum_100346 libquantum/100346 0 0 20 20
libquantum_98457 libquantum/98457 0 0 20 20
libquantum_67297 libquantum/67297 0 0 20 20
libquantum_15361 libquantum/15361 0 0 20 20
bzip2_program_1370 bzip2_program/1370 0 0 20 20
bzip2_program_15007 bzip2_program/15007 0 0 20 20
bzip2_program_1766 bzip2_program/1766 0 0 20 20
bzip2_program_5583 bzip2_program/5583 0 0 20 20
bzip2_program_16298 bzip2_program/16298 0 0 20 20
bzip2_program_2586 bzip2_program/2586 0 0 20 20
bzip2_program_15416 bzip2_program/15416 0 0 20 20
bzip2_program_9160 bzip2_program/9160 0 0 20 20
bzip2_program_1805 bzip2_program/1805 0 0 20 20
bzip2_program_26044 bzip2_program/26044 0 0 20 20
bzip2_program_16771 bzip2_program/16771 0 0 20 20
bzip2_program_1151 bzip2_program/1151 0 0 20 20
bzip2_program_9704 bzip2_program/9704 0 0 20 20
bzip2_program_13476 bzip2_program/13476 0 0 20 20
bzip2_program_10605 bzip2_program/10605 0 0 20 20
bzip2_program_15920 bzip2_program/15920 0 0 20 20
bzip2_program_18343 bzip2_program/18343 0 0 20 20
bzip2_program_17513 bzip2_program/17513 0 0 20 20
bzip2_program_15315 bzip2_program/15315 0 0 20 20
bzip2_program_19673 bzip2_program/19673 0 0 20 20
bzip2_program_6129 bzip2_program/6129 0 0 20 20
bzip2_liberty_8581 bzip2_liberty/8581 0 0 20 20
bzip2_liberty_8902 bzip2_liberty/8902 0 0 20 20
bzip2_liberty_7804 bzip2_liberty/7804 0 0 20 20
bzip2_liberty_2518 bzip2_liberty/2518 0 0 20 20
bzip2_liberty_8542 bzip2_liberty/8542 0 0 20 20
bzip2_liberty_10140 bzip2_liberty/10140 0 0 20 20
bzip2_liberty_4623 bzip2_liberty/4623 0 0 20 20
bzip2_liberty_1415 bzip2_liberty/1415 0 0 20 20
bzip2_liberty_5164 bzip2_liberty/5164 0 0 20 20
bzip2_liberty_6736 bzip2_liberty/6736 0 0 20 20
bzip2_liberty_7636 bzip2_liberty/7636 0 0 20 20
bzip2_liberty_1965 bzip2_liberty/1965 0 0 20 20
bzip2_liberty_1028 bzip2_liberty/1028 0 0 20 20
bzip2_liberty_4495 bzip2_liberty/4495 0 0 20 20
bzip2_liberty_2974 bzip2_liberty/2974 0 0 20 20
bzip2_liberty_8743 bzip2_liberty/8743 0 0 20 20
bzip2_liberty_152 bzip2_liberty/152 0 0 20 20
bzip2_liberty_14837 bzip2_liberty/14837 0 0 20 20
bzip2_liberty_5919 bzip2_liberty/5919 0 0 20 20
bzip2_liberty_8695 bzip2_liberty/8695 0 0 20 20
bzip2_liberty_13631 bzip2_liberty/13631 0 0 20 20
bzip2_liberty_9802 bzip2_liberty/9802 0 0 20 20
hmmer_retro_61874 hmmer_retro/61874 0 0 20 20
hmmer_retro_8977 hmmer_retro/8977 0 0 20 20
hmmer_retro_68306 hmmer_retro/68306 0 0 20 20
hmmer_retro_95209 hmmer_retro/95209 0 0 20 20
hmmer_retro_47447 hmmer_retro/47447 0 0 20 20
hmmer_retro_80018 hmmer_retro/80018 0 0 20 20
hmmer_retro_37583 hmmer_retro/37583 0 0 20 20
hmmer_retro_68512 hmmer_retro/68512 0 0 20 20
hmmer_retro_67522 hmmer_retro/67522 0 0 20 20
hmmer_retro_34987 hmmer_retro/34987 0 0 20 20
hmmer_retro_11434 hmmer_retro/11434 0 0 20 20
hmmer_retro_36287 hmmer_retro/36287 0 0 20 20
hmmer_retro_77093 hmmer_retro/77093 0 0 20 20
hmmer_retro_68389 hmmer_retro/68389 0 0 20 20
hmmer_retro_46374 hmmer_retro/46374 0 0 20 20
hmmer_retro_0 hmmer_retro/0 0 0 20 20
hmmer_retro_25627 hmmer_retro/25627 0 0 20 20
hmmer_retro_12637 hmmer_retro/12637 0 0 20 20
hmmer_retro_2953 hmmer_retro/2953 0 0 20 20
gobmk_13x13_5796 gobmk_13x13/5796 0 0 20 20
gobmk_13x13_7272 gobmk_13x13/7272 0 0 20 20
gobmk_13x13_5819 gobmk_13x13/5819 0 0 20 20
gobmk_13x13_5433 gobmk_13x13/5433 0 0 20 20
gobmk_13x13_2234 gobmk_13x13/2234 0 0 20 20
gobmk_13x13_7194 gobmk_13x13/7194 0 0 20 20
gobmk_13x13_10647 gobmk_13x13/10647 0 0 20 20
gobmk_13x13_851 gobmk_13x13/851 0 0 20 20
gobmk_13x13_6566 gobmk_13x13/6566 0 0 20 20
gobmk_13x13_4280 gobmk_13x13/4280 0 0 20 20
gobmk_13x13_9907 gobmk_13x13/9907 0 0 20 20
gobmk_13x13_8166 gobmk_13x13/8166 0 0 20 20
gobmk_13x13_557 gobmk_13x13/557 0 0 20 20
gobmk_13x13_6366 gobmk_13x13/6366 0 0 20 20
gobmk_13x13_865 gobmk_13x13/865 0 0 20 20
gobmk_13x13_8061 gobmk_13x13/8061 0 0 20 20
gobmk_13x13_8294 gobmk_13x13/8294 0 0 20 20
gobmk_13x13_8199 gobmk_13x13/8199 0 0 20 20
gobmk_13x13_10740 gobmk_13x13/10740 0 0 20 20
gobmk_13x13_6530 gobmk_13x13/6530 0 0 20 20
gobmk_13x13_4038 gobmk_13x13/4038 0 0 20 20
gobmk_13x13_8357 gobmk_13x13/8357 0 0 20 20
h264ref_sss_171830 h264ref_sss/171830 0 0 20 20
h264ref_sss_62882 h264ref_sss/62882 0 0 20 20
h264ref_sss_13382 h264ref_sss/13382 0 0 20 20
h264ref_sss_27815 h264ref_sss/27815 0 0 20 20
h264ref_sss_5682 h264ref_sss/5682 0 0 20 20
h264ref_sss_116918 h264ref_sss/116918 0 0 20 20
h264ref_sss_13378 h264ref_sss/13378 0 0 20 20
h264ref_sss_123456 h264ref_sss/123456 0 0 20 20
h264ref_sss_99213 h264ref_sss/99213 0 0 20 20
h264ref_sss_94143 h264ref_sss/94143 0 0 20 20
h264ref_sss_13369 h264ref_sss/13369 0 0 20 20
h264ref_sss_9170 h264ref_sss/9170 0 0 20 20
h264ref_sss_82971 h264ref_sss/82971 0 0 20 20
h264ref_sss_23954 h264ref_sss/23954 0 0 20 20
h264ref_sss_113280 h264ref_sss/113280 0 0 20 20
h264ref_sss_184465 h264ref_sss/184465 0 0 20 20
h264ref_sss_109686 h264ref_sss/109686 0 0 20 20
h264ref_sss_60813 h264ref_sss/60813 0 0 20 20
