mcf_9578 mcf/9578 0 0 20 20
mcf_11392 mcf/11392 0 0 20 20
mcf_10688 mcf/10688 0 0 20 20
mcf_12253 mcf/12253 0 0 20 20
mcf_5171 mcf/5171 0 0 20 20
mcf_8336 mcf/8336 0 0 20 20
mcf_9294 mcf/9294 0 0 20 20
mcf_3283 mcf/3283 0 0 20 20
mcf_5405 mcf/5405 0 0 20 20
omnetpp_20261 omnetpp/20261 0 0 20 20
omnetpp_16482 omnetpp/16482 0 0 20 20
omnetpp_19013 omnetpp/19013 0 0 20 20
astar_rivers_17784 astar_rivers/17784 0 0 20 20
astar_rivers_26625 astar_rivers/26625 0 0 20 20
astar_rivers_3208 astar_rivers/3208 0 0 20 20
astar_rivers_9999 astar_rivers/9999 0 0 20 20
xalancbmk_6580 xalancbmk/6580 0 0 20 20
xalancbmk_30003 xalancbmk/30003 0 0 20 20
xalancbmk_20929 xalancbmk/20929 0 0 20 20
xalancbmk_8926 xalancbmk/8926 0 0 20 20
xalancbmk_25293 xalancbmk/25293 0 0 20 20
xalancbmk_34239 xalancbmk/34239 0 0 20 20
xalancbmk_2499 xalancbmk/2499 0 0 20 20
xalancbmk_22901 xalancbmk/22901 0 0 20 20
xalancbmk_8082 xalancbmk/8082 0 0 20 20
xalancbmk_1720 xalancbmk/1720 0 0 20 20
xalancbmk_38579 xalancbmk/38579 0 0 20 20
xalancbmk_35819 xalancbmk/35819 0 0 20 20
xalancbmk_645 xalancbmk/645 0 0 20 20
xalancbmk_36054 xalancbmk/36054 0 0 20 20
xalancbmk_3933 xalancbmk/3933 0 0 20 20
xalancbmk_12634 xalancbmk/12634 0 0 20 20
xalancbmk_30438 xalancbmk/30438 0 0 20 20
xalancbmk_23047 xalancbmk/23047 0 0 20 20
xalancbmk_38737 xalancbmk/38737 0 0 20 20
xalancbmk_13669 xalancbmk/13669 0 0 20 20
xalancbmk_33880 xalancbmk/33880 0 0 20 20
xalancbmk_16112 xalancbmk/16112 0 0 20 20
xalancbmk_16845 xalancbmk/16845 0 0 20 20
xalancbmk_29930 xalancbmk/29930 0 0 20 20
xalancbmk_31957 xalancbmk/31957 0 0 20 20
xalancbmk_20515 xalancbmk/20515 0 0 20 20
xalancbmk_12428 xalancbmk/12428 0 0 20 20
gcc_expr_4337 gcc_expr/4337 0 0 20 20
gcc_expr_2549 gcc_expr/2549 0 0 20 20
gcc_expr_906 gcc_expr/906 0 0 20 20
gcc_expr_3097 gcc_expr/3097 0 0 20 20
gcc_expr_1650 gcc_expr/1650 0 0 20 20
gcc_expr_5093 gcc_expr/5093 0 0 20 20
gcc_expr_1935 gcc_expr/1935 0 0 20 20
gcc_expr_241 gcc_expr/241 0 0 20 20
gcc_expr_4656 gcc_expr/4656 0 0 20 20
bzip2_html_2892 bzip2_html/2892 0 0 20 20
bzip2_html_12420 bzip2_html/12420 0 0 20 20
bzip2_html_9573 bzip2_html/9573 0 0 20 20
bzip2_html_22657 bzip2_html/22657 0 0 20 20
bzip2_html_29915 bzip2_html/29915 0 0 20 20
bzip2_html_34556 bzip2_html/34556 0 0 20 20
bzip2_html_18566 bzip2_html/18566 0 0 20 20
bzip2_html_12894 bzip2_html/12894 0 0 20 20
bzip2_combined_3734 bzip2_combined/3734 0 0 20 20
bzip2_combined_4027 bzip2_combined/4027 0 0 20 20
bzip2_combined_6624 bzip2_combined/6624 0 0 20 20
bzip2_combined_1118 bzip2_combined/1118 0 0 20 20
bzip2_combined_8340 bzip2_combined/8340 0 0 20 20
bzip2_combined_5721 bzip2_combined/5721 0 0 20 20
bzip2_combined_3615 bzip2_combined/3615 0 0 20 20
bzip2_combined_7116 bzip2_combined/7116 0 0 20 20
bzip2_combined_10759 bzip2_combined/10759 0 0 20 20
bzip2_combined_2144 bzip2_combined/2144 0 0 20 20
bzip2_combined_16712 bzip2_combined/16712 0 0 20 20
bzip2_combined_12694 bzip2_combined/12694 0 0 20 20
bzip2_source_8439 bzip2_source/8439 0 0 20 20
bzip2_source_11803 bzip2_source/11803 0 0 20 20
bzip2_source_4063 bzip2_source/4063 0 0 20 20
bzip2_source_13103 bzip2_source/13103 0 0 20 20
bzip2_source_10285 bzip2_source/10285 0 0 20 20
bzip2_source_16593 bzip2_source/16593 0 0 20 20
bzip2_source_5329 bzip2_source/5329 0 0 20 20
bzip2_source_5008 bzip2_source/5008 0 0 20 20
bzip2_source_22151 bzip2_source/22151 0 0 20 20
bzip2_source_1947 bzip2_source/1947 0 0 20 20
bzip2_source_5655 bzip2_source/5655 0 0 20 20
perlbench_splitmail_14833 perlbench_splitmail/14833 0 0 20 20
perlbench_splitmail_22905 perlbench_splitmail/22905 0 0 20 20
perlbench_splitmail_25006 perlbench_splitmail/25006 0 0 20 20
perlbench_splitmail_3686 perlbench_splitmail/3686 0 0 20 20
gobmk_nngs_10574 gobmk_nngs/10574 0 0 20 20
gobmk_nngs_4348 gobmk_nngs/4348 0 0 20 20
gobmk_nngs_18098 gobmk_nngs/18098 0 0 20 20
gobmk_nngs_24124 gobmk_nngs/24124 0 0 20 20
gobmk_nngs_25453 gobmk_nngs/25453 0 0 20 20
gobmk_nngs_19491 gobmk_nngs/19491 0 0 20 20
gobmk_nngs_5856 gobmk_nngs/5856 0 0 20 20
gobmk_nngs_25428 gobmk_nngs/25428 0 0 20 20
gobmk_nngs_20382 gobmk_nngs/20382 0 0 20 20
gcc_typeck_1331 gcc_typeck/1331 0 0 20 20
gcc_typeck_93 gcc_typeck/93 0 0 20 20
gcc_typeck_6197 gcc_typeck/6197 0 0 20 20
gcc_typeck_1843 gcc_typeck/1843 0 0 20 20
gcc_typeck_4439 gcc_typeck/4439 0 0 20 20
gcc_typeck_2716 gcc_typeck/2716 0 0 20 20
gcc_typeck_830 gcc_typeck/830 0 0 20 20
gcc_typeck_4224 gcc_typeck/4224 0 0 20 20
gcc_typeck_3453 gcc_typeck/3453 0 0 20 20
gcc_200_5114 gcc_200/5114 0 0 20 20
gcc_200_6170 gcc_200/6170 0 0 20 20
gcc_200_4784 gcc_200/4784 0 0 20 20
gcc_200_6317 gcc_200/6317 0 0 20 20
gcc_200_5849 gcc_200/5849 0 0 20 20
gcc_200_1595 gcc_200/1595 0 0 20 20
gcc_200_1562 gcc_200/1562 0 0 20 20
gcc_200_492 gcc_200/492 0 0 20 20
gcc_200_2872 gcc_200/2872 0 0 20 20
gcc_200_4470 gcc_200/4470 0 0 20 20
perlbench_diffmail_18104 perlbench_diffmail/18104 0 0 20 20
perlbench_diffmail_3138 perlbench_diffmail/3138 0 0 20 20
astar_biglakes_7756 astar_biglakes/7756 0 0 20 20
astar_biglakes_3267 astar_biglakes/3267 0 0 20 20
astar_biglakes_562 astar_biglakes/562 0 0 20 20
astar_biglakes_13437 astar_biglakes/13437 0 0 20 20
gcc_cpdecl_2212 gcc_cpdecl/2212 0 0 20 20
gcc_cpdecl_2233 gcc_cpdecl/2233 0 0 20 20
gcc_cpdecl_3665 gcc_cpdecl/3665 0 0 20 20
gcc_cpdecl_494 gcc_cpdecl/494 0 0 20 20
gcc_cpdecl_4620 gcc_cpdecl/4620 0 0 20 20
gcc_cpdecl_1410 gcc_cpdecl/1410 0 0 20 20
gcc_cpdecl_4171 gcc_cpdecl/4171 0 0 20 20
gcc_cpdecl_1305 gcc_cpdecl/1305 0 0 20 20
gcc_cpdecl_4360 gcc_cpdecl/4360 0 0 20 20
gobmk_trevorc_7873 gobmk_trevorc/7873 0 0 20 20
gobmk_trevorc_7777 gobmk_trevorc/7777 0 0 20 20
gobmk_trevorc_9654 gobmk_trevorc/9654 0 0 20 20
gobmk_trevorc_6207 gobmk_trevorc/6207 0 0 20 20
gobmk_trevorc_9643 gobmk_trevorc/9643 0 0 20 20
gobmk_trevorc_2978 gobmk_trevorc/2978 0 0 20 20
gobmk_trevorc_5257 gobmk_trevorc/5257 0 0 20 20
gobmk_trevorc_10771 gobmk_trevorc/10771 0 0 20 20
gobmk_trevorc_7017 gobmk_trevorc/7017 0 0 20 20
gobmk_trevorc_1093 gobmk_trevorc/1093 0 0 20 20
gobmk_trevorc_4605 gobmk_trevorc/4605 0 0 20 20
gobmk_trevorc_7916 gobmk_trevorc/7916 0 0 20 20
gobmk_trevorc_6458 gobmk_trevorc/6458 0 0 20 20
gobmk_score2_13056 gobmk_score2/13056 0 0 20 20
gobmk_score2_13713 gobmk_score2/13713 0 0 20 20
gobmk_score2_4597 gobmk_score2/4597 0 0 20 20
gobmk_score2_14788 gobmk_score2/14788 0 0 20 20
gobmk_score2_11729 gobmk_score2/11729 0 0 20 20
gobmk_score2_14402 gobmk_score2/14402 0 0 20 20
gobmk_score2_15236 gobmk_score2/15236 0 0 20 20
gobmk_score2_14133 gobmk_score2/14133 0 0 20 20
gobmk_score2_14717 gobmk_score2/14717 0 0 20 20
gobmk_score2_13979 gobmk_score2/13979 0 0 20 20
gobmk_score2_8112 gobmk_score2/8112 0 0 20 20
gcc_expr2_2948 gcc_expr2/2948 0 0 20 20
gcc_expr2_4116 gcc_expr2/4116 0 0 20 20
gcc_expr2_5749 gcc_expr2/5749 0 0 20 20
gcc_expr2_2551 gcc_expr2/2551 0 0 20 20
gcc_expr2_6119 gcc_expr2/6119 0 0 20 20
gcc_expr2_4347 gcc_expr2/4347 0 0 20 20
gcc_expr2_6791 gcc_expr2/6791 0 0 20 20
gcc_expr2_1803 gcc_expr2/1803 0 0 20 20
gcc_expr2_4031 gcc_expr2/4031 0 0 20 20
gcc_expr2_6943 gcc_expr2/6943 0 0 20 20
gcc_expr2_6639 gcc_expr2/6639 0 0 20 20
gcc_scilab_248 gcc_scilab/248 0 0 20 20
gcc_scilab_405 gcc_scilab/405 0 0 20 20
gcc_scilab_881 gcc_scilab/881 0 0 20 20
gcc_scilab_2811 gcc_scilab/2811 0 0 20 20
gcc_scilab_258 gcc_scilab/258 0 0 20 20
gcc_scilab_643 gcc_scilab/643 0 0 20 20
gcc_scilab_1438 gcc_scilab/1438 0 0 20 20
gcc_scilab_1040 gcc_scilab/1040 0 0 20 20
gcc_scilab_2089 gcc_scilab/2089 0 0 20 20
gcc_scilab_2693 gcc_scilab/2693 0 0 20 20
gcc_scilab_956 gcc_scilab/956 0 0 20 20
gcc_s04_1824 gcc_s04/1824 0 0 20 20
gcc_s04_6031 gcc_s04/6031 0 0 20 20
gcc_s04_2957 gcc_s04/2957 0 0 20 20
gcc_s04_4558 gcc_s04/4558 0 0 20 20
gcc_s04_7945 gcc_s04/7945 0 0 20 20
gcc_s04_1315 gcc_s04/1315 0 0 20 20
gcc_s04_379 gcc_s04/379 0 0 20 20
gcc_s04_4887 gcc_s04/4887 0 0 20 20
gcc_s04_7663 gcc_s04/7663 0 0 20 20
gcc_s04_5449 gcc_s04/5449 0 0 20 20
gcc_s04_6393 gcc_s04/6393 0 0 20 20
h264ref_foreman.main_12537 h264ref_foreman.main/12537 0 0 20 20
h264ref_foreman.main_13468 h264ref_foreman.main/13468 0 0 20 20
h264ref_foreman.main_20206 h264ref_foreman.main/20206 0 0 20 20
h264ref_foreman.main_12419 h264ref_foreman.main/12419 0 0 20 20
h264ref_foreman.main_8751 h264ref_foreman.main/8751 0 0 20 20
h264ref_foreman.main_21701 h264ref_foreman.main/21701 0 0 20 20
h264ref_foreman.main_16107 h264ref_foreman.main/16107 0 0 20 20
h264ref_foreman.main_3807 h264ref_foreman.main/3807 0 0 20 20
h264ref_foreman.main_12369 h264ref_foreman.main/12369 0 0 20 20
h264ref_foreman.main_1495 h264ref_foreman.main/1495 0 0 20 20
h264ref_foreman.main_22387 h264ref_foreman.main/22387 0 0 20 20
h264ref_foreman.main_4387 h264ref_foreman.main/4387 0 0 20 20
h264ref_foreman.main_7140 h264ref_foreman.main/7140 0 0 20 20
h264ref_foreman.main_854 h264ref_foreman.main/854 0 0 20 20
hmmer_nph3_33586 hmmer_nph3/33586 0 0 20 20
hmmer_nph3_2887 hmmer_nph3/2887 0 0 20 20
hmmer_nph3_19180 hmmer_nph3/19180 0 0 20 20
hmmer_nph3_9545 hmmer_nph3/9545 0 0 20 20
h264ref_foreman.baseline_20048 h264ref_foreman.baseline/20048 0 0 20 20
h264ref_foreman.baseline_20899 h264ref_foreman.baseline/20899 0 0 20 20
h264ref_foreman.baseline_5042 h264ref_foreman.baseline/5042 0 0 20 20
h264ref_foreman.baseline_1062 h264ref_foreman.baseline/1062 0 0 20 20
h264ref_foreman.baseline_17931 h264ref_foreman.baseline/17931 0 0 20 20
h264ref_foreman.baseline_15388 h264ref_foreman.baseline/15388 0 0 20 20
h264ref_foreman.baseline_15239 h264ref_foreman.baseline/15239 0 0 20 20
h264ref_foreman.baseline_793 h264ref_foreman.baseline/793 0 0 20 20
h264ref_foreman.baseline_5512 h264ref_foreman.baseline/5512 0 0 20 20
h264ref_foreman.baseline_369 h264ref_foreman.baseline/369 0 0 20 20
h264ref_foreman.baseline_20138 h264ref_foreman.baseline/20138 0 0 20 20
sjeng_26662 sjeng/26662 0 0 20 20
sjeng_101665 sjeng/101665 0 0 20 20
sjeng_58471 sjeng/58471 0 0 20 20
sjeng_24973 sjeng/24973 0 0 20 20
sjeng_66175 sjeng/66175 0 0 20 20
sjeng_82720 sjeng/82720 0 0 20 20
sjeng_84999 sjeng/84999 0 0 20 20
sjeng_983 sjeng/983 0 0 20 20
bzip2_chicken_4612 bzip2_chicken/4612 0 0 20 20
bzip2_chicken_2820 bzip2_chicken/2820 0 0 20 20
bzip2_chicken_6137 bzip2_chicken/6137 0 0 20 20
bzip2_chicken_813 bzip2_chicken/813 0 0 20 20
bzip2_chicken_3610 bzip2_chicken/3610 0 0 20 20
bzip2_chicken_4358 bzip2_chicken/4358 0 0 20 20
bzip2_chicken_3301 bzip2_chicken/3301 0 0 20 20
perlbench_checkspam_21626 perlbench_checkspam/21626 0 0 20 20
perlbench_checkspam_36950 perlbench_checkspam/36950 0 0 20 20
perlbench_checkspam_9118 perlbench_checkspam/9118 0 0 20 20
perlbench_checkspam_32626 perlbench_checkspam/32626 0 0 20 20
perlbench_checkspam_40895 perlbench_checkspam/40895 0 0 20 20
perlbench_checkspam_24350 perlbench_checkspam/24350 0 0 20 20
perlbench_checkspam_25976 perlbench_checkspam/25976 0 0 20 20
perlbench_checkspam_31059 perlbench_checkspam/31059 0 0 20 20
perlbench_checkspam_20915 perlbench_checkspam/20915 0 0 20 20
gobmk_trevord_7593 gobmk_trevord/7593 0 0 20 20
gobmk_trevord_4165 gobmk_trevord/4165 0 0 20 20
gobmk_trevord_13978 gobmk_trevord/13978 0 0 20 20
gobmk_trevord_5970 gobmk_trevord/5970 0 0 20 20
gobmk_trevord_2050 gobmk_trevord/2050 0 0 20 20
gobmk_trevord_10532 gobmk_trevord/10532 0 0 20 20
gobmk_trevord_13872 gobmk_trevord/13872 0 0 20 20
gobmk_trevord_1111 gobmk_trevord/1111 0 0 20 20
gobmk_trevord_1515 gobmk_trevord/1515 0 0 20 20
gobmk_trevord_12670 gobmk_trevord/12670 0 0 20 20
gobmk_trevord_7886 gobmk_trevord/7886 0 0 20 20
gcc_g23_6891 gcc_g23/6891 0 0 20 20
gcc_g23_6364 gcc_g23/6364 0 0 20 20
gcc_g23_8992 gcc_g23/8992 0 0 20 20
gcc_g23_535 gcc_g23/535 0 0 20 20
gcc_g23_1841 gcc_g23/1841 0 0 20 20
gcc_g23_1442 gcc_g23/1442 0 0 20 20
gcc_g23_3559 gcc_g23/3559 0 0 20 20
gcc_g23_4059 gcc_g23/4059 0 0 20 20
gcc_g23_7011 gcc_g23/7011 0 0 20 20
gcc_166_1237 gcc_166/1237 0 0 20 20
gcc_166_2569 gcc_166/2569 0 0 20 20
gcc_166_3512 gcc_166/3512 0 0 20 20
gcc_166_1361 gcc_166/1361 0 0 20 20
gcc_166_2274 gcc_166/2274 0 0 20 20
gcc_166_2766 gcc_166/2766 0 0 20 20
gcc_166_3117 gcc_166/3117 0 0 20 20
gcc_166_1475 gcc_166/1475 0 0 20 20
gcc_166_1894 gcc_166/1894 0 0 20 20
libquantum_64624 libquantum/64624 0 0 20 20
libquantum_97821 libquantum/97821 0 0 20 20
libquantum_72640 libquantum/72640 0 0 20 20
libquantum_22269 libquantum/22269 0 0 20 20
libquantum_54695 libquantum/54695 0 0 20 20
libquantum_58444 libquantum/58444 0 0 20 20
libquantum_37989 libquantum/37989 0 0 20 20
libquantum_25990 libquantum/25990 0 0 20 20
libquantum_15361 libquantum/15361 0 0 20 20
bzip2_program_1370 bzip2_program/1370 0 0 20 20
bzip2_program_15007 bzip2_program/15007 0 0 20 20
bzip2_program_1766 bzip2_program/1766 0 0 20 20
bzip2_program_5583 bzip2_program/5583 0 0 20 20
bzip2_program_9160 bzip2_program/9160 0 0 20 20
bzip2_program_1805 bzip2_program/1805 0 0 20 20
bzip2_program_26044 bzip2_program/26044 0 0 20 20
bzip2_program_16771 bzip2_program/16771 0 0 20 20
bzip2_program_13476 bzip2_program/13476 0 0 20 20
bzip2_program_10605 bzip2_program/10605 0 0 20 20
bzip2_program_19673 bzip2_program/19673 0 0 20 20
bzip2_liberty_10140 bzip2_liberty/10140 0 0 20 20
bzip2_liberty_4623 bzip2_liberty/4623 0 0 20 20
bzip2_liberty_6736 bzip2_liberty/6736 0 0 20 20
bzip2_liberty_1028 bzip2_liberty/1028 0 0 20 20
bzip2_liberty_8743 bzip2_liberty/8743 0 0 20 20
bzip2_liberty_14837 bzip2_liberty/14837 0 0 20 20
bzip2_liberty_8695 bzip2_liberty/8695 0 0 20 20
hmmer_retro_95209 hmmer_retro/95209 0 0 20 20
hmmer_retro_47447 hmmer_retro/47447 0 0 20 20
hmmer_retro_80018 hmmer_retro/80018 0 0 20 20
hmmer_retro_37583 hmmer_retro/37583 0 0 20 20
hmmer_retro_67522 hmmer_retro/67522 0 0 20 20
hmmer_retro_34987 hmmer_retro/34987 0 0 20 20
hmmer_retro_36287 hmmer_retro/36287 0 0 20 20
hmmer_retro_77093 hmmer_retro/77093 0 0 20 20
hmmer_retro_25627 hmmer_retro/25627 0 0 20 20
hmmer_retro_12637 hmmer_retro/12637 0 0 20 20
gobmk_13x13_5433 gobmk_13x13/5433 0 0 20 20
gobmk_13x13_7194 gobmk_13x13/7194 0 0 20 20
gobmk_13x13_10647 gobmk_13x13/10647 0 0 20 20
gobmk_13x13_4280 gobmk_13x13/4280 0 0 20 20
gobmk_13x13_9907 gobmk_13x13/9907 0 0 20 20
gobmk_13x13_6366 gobmk_13x13/6366 0 0 20 20
gobmk_13x13_8061 gobmk_13x13/8061 0 0 20 20
gobmk_13x13_8294 gobmk_13x13/8294 0 0 20 20
gobmk_13x13_8199 gobmk_13x13/8199 0 0 20 20
gobmk_13x13_6530 gobmk_13x13/6530 0 0 20 20
h264ref_sss_62882 h264ref_sss/62882 0 0 20 20
h264ref_sss_13382 h264ref_sss/13382 0 0 20 20
h264ref_sss_27815 h264ref_sss/27815 0 0 20 20
h264ref_sss_5682 h264ref_sss/5682 0 0 20 20
h264ref_sss_13378 h264ref_sss/13378 0 0 20 20
h264ref_sss_123456 h264ref_sss/123456 0 0 20 20
h264ref_sss_94143 h264ref_sss/94143 0 0 20 20
h264ref_sss_13369 h264ref_sss/13369 0 0 20 20
h264ref_sss_9170 h264ref_sss/9170 0 0 20 20
h264ref_sss_82971 h264ref_sss/82971 0 0 20 20
h264ref_sss_23954 h264ref_sss/23954 0 0 20 20
h264ref_sss_184465 h264ref_sss/184465 0 0 20 20
h264ref_sss_109686 h264ref_sss/109686 0 0 20 20
