mcf_9578 mcf/9578 0 0 20 20
mcf_10688 mcf/10688 0 0 20 20
mcf_12253 mcf/12253 0 0 20 20
mcf_9294 mcf/9294 0 0 20 20
omnetpp_20261 omnetpp/20261 0 0 20 20
omnetpp_16482 omnetpp/16482 0 0 20 20
soplex_ref_5 soplex_ref/5 0 0 20 20
soplex_ref_6670 soplex_ref/6670 0 0 20 20
soplex_ref_14255 soplex_ref/14255 0 0 20 20
soplex_ref_12912 soplex_ref/12912 0 0 20 20
astar_rivers_3208 astar_rivers/3208 0 0 20 20
astar_rivers_9999 astar_rivers/9999 0 0 20 20
xalancbmk_6580 xalancbmk/6580 0 0 20 20
xalancbmk_25293 xalancbmk/25293 0 0 20 20
xalancbmk_8082 xalancbmk/8082 0 0 20 20
xalancbmk_1720 xalancbmk/1720 0 0 20 20
xalancbmk_38579 xalancbmk/38579 0 0 20 20
xalancbmk_35819 xalancbmk/35819 0 0 20 20
xalancbmk_36054 xalancbmk/36054 0 0 20 20
xalancbmk_3933 xalancbmk/3933 0 0 20 20
xalancbmk_12634 xalancbmk/12634 0 0 20 20
xalancbmk_30438 xalancbmk/30438 0 0 20 20
xalancbmk_13669 xalancbmk/13669 0 0 20 20
xalancbmk_16845 xalancbmk/16845 0 0 20 20
xalancbmk_29930 xalancbmk/29930 0 0 20 20
gcc_expr_2549 gcc_expr/2549 0 0 20 20
gcc_expr_906 gcc_expr/906 0 0 20 20
gcc_expr_5093 gcc_expr/5093 0 0 20 20
gcc_expr_1935 gcc_expr/1935 0 0 20 20
bzip2_html_2892 bzip2_html/2892 0 0 20 20
bzip2_html_9573 bzip2_html/9573 0 0 20 20
bzip2_html_12894 bzip2_html/12894 0 0 20 20
bzip2_combined_7116 bzip2_combined/7116 0 0 20 20
bzip2_combined_2144 bzip2_combined/2144 0 0 20 20
bzip2_combined_16712 bzip2_combined/16712 0 0 20 20
bzip2_combined_12694 bzip2_combined/12694 0 0 20 20
bzip2_source_8439 bzip2_source/8439 0 0 20 20
bzip2_source_16593 bzip2_source/16593 0 0 20 20
bzip2_source_5008 bzip2_source/5008 0 0 20 20
bzip2_source_22151 bzip2_source/22151 0 0 20 20
perlbench_splitmail_22905 perlbench_splitmail/22905 0 0 20 20
perlbench_splitmail_25006 perlbench_splitmail/25006 0 0 20 20
calculix_28512 calculix/28512 0 0 20 20
calculix_3486 calculix/3486 0 0 20 20
calculix_132524 calculix/132524 0 0 20 20
calculix_190163 calculix/190163 0 0 20 20
calculix_13476 calculix/13476 0 0 20 20
gobmk_nngs_10574 gobmk_nngs/10574 0 0 20 20
gobmk_nngs_4348 gobmk_nngs/4348 0 0 20 20
gobmk_nngs_18098 gobmk_nngs/18098 0 0 20 20
gobmk_nngs_24124 gobmk_nngs/24124 0 0 20 20
gobmk_nngs_5856 gobmk_nngs/5856 0 0 20 20
gcc_typeck_1843 gcc_typeck/1843 0 0 20 20
gcc_typeck_2716 gcc_typeck/2716 0 0 20 20
gcc_typeck_830 gcc_typeck/830 0 0 20 20
gcc_typeck_3453 gcc_typeck/3453 0 0 20 20
zeusmp_25550 zeusmp/25550 0 0 20 20
zeusmp_29834 zeusmp/29834 0 0 20 20
zeusmp_42748 zeusmp/42748 0 0 20 20
zeusmp_78888 zeusmp/78888 0 0 20 20
zeusmp_60362 zeusmp/60362 0 0 20 20
zeusmp_35850 zeusmp/35850 0 0 20 20
zeusmp_16125 zeusmp/16125 0 0 20 20
zeusmp_60111 zeusmp/60111 0 0 20 20
bwaves_37801 bwaves/37801 0 0 20 20
gcc_200_5114 gcc_200/5114 0 0 20 20
gcc_200_4784 gcc_200/4784 0 0 20 20
gcc_200_6317 gcc_200/6317 0 0 20 20
gcc_200_1595 gcc_200/1595 0 0 20 20
gcc_200_1562 gcc_200/1562 0 0 20 20
tonto_111730 tonto/111730 0 0 20 20
tonto_70839 tonto/70839 0 0 20 20
tonto_23672 tonto/23672 0 0 20 20
tonto_9067 tonto/9067 0 0 20 20
tonto_50255 tonto/50255 0 0 20 20
tonto_32430 tonto/32430 0 0 20 20
tonto_104377 tonto/104377 0 0 20 20
gromacs_5873 gromacs/5873 0 0 20 20
gromacs_2830 gromacs/2830 0 0 20 20
gromacs_35112 gromacs/35112 0 0 20 20
gromacs_453 gromacs/453 0 0 20 20
gromacs_1290 gromacs/1290 0 0 20 20
gromacs_7065 gromacs/7065 0 0 20 20
gromacs_20417 gromacs/20417 0 0 20 20
gromacs_55088 gromacs/55088 0 0 20 20
gromacs_25739 gromacs/25739 0 0 20 20
perlbench_diffmail_18104 perlbench_diffmail/18104 0 0 20 20
astar_biglakes_3267 astar_biglakes/3267 0 0 20 20
astar_biglakes_562 astar_biglakes/562 0 0 20 20
cactusADM_128904 cactusADM/128904 0 0 20 20
gamess_cytosine_52071 gamess_cytosine/52071 0 0 20 20
gamess_cytosine_43625 gamess_cytosine/43625 0 0 20 20
gamess_cytosine_3449 gamess_cytosine/3449 0 0 20 20
gamess_cytosine_51785 gamess_cytosine/51785 0 0 20 20
gamess_cytosine_36534 gamess_cytosine/36534 0 0 20 20
gamess_cytosine_49357 gamess_cytosine/49357 0 0 20 20
gamess_cytosine_60738 gamess_cytosine/60738 0 0 20 20
gcc_cpdecl_2233 gcc_cpdecl/2233 0 0 20 20
gcc_cpdecl_494 gcc_cpdecl/494 0 0 20 20
gcc_cpdecl_4620 gcc_cpdecl/4620 0 0 20 20
gcc_cpdecl_1410 gcc_cpdecl/1410 0 0 20 20
sphinx3_41852 sphinx3/41852 0 0 20 20
sphinx3_142675 sphinx3/142675 0 0 20 20
sphinx3_79825 sphinx3/79825 0 0 20 20
sphinx3_82338 sphinx3/82338 0 0 20 20
sphinx3_83273 sphinx3/83273 0 0 20 20
sphinx3_89528 sphinx3/89528 0 0 20 20
sphinx3_182227 sphinx3/182227 0 0 20 20
soplex_pds-50_16596 soplex_pds-50/16596 0 0 20 20
soplex_pds-50_6499 soplex_pds-50/6499 0 0 20 20
soplex_pds-50_8684 soplex_pds-50/8684 0 0 20 20
soplex_pds-50_6802 soplex_pds-50/6802 0 0 20 20
soplex_pds-50_5746 soplex_pds-50/5746 0 0 20 20
soplex_pds-50_9645 soplex_pds-50/9645 0 0 20 20
soplex_pds-50_2406 soplex_pds-50/2406 0 0 20 20
soplex_pds-50_16031 soplex_pds-50/16031 0 0 20 20
gobmk_trevorc_7777 gobmk_trevorc/7777 0 0 20 20
gobmk_trevorc_9654 gobmk_trevorc/9654 0 0 20 20
gobmk_trevorc_2978 gobmk_trevorc/2978 0 0 20 20
gobmk_trevorc_10771 gobmk_trevorc/10771 0 0 20 20
gobmk_trevorc_7017 gobmk_trevorc/7017 0 0 20 20
gobmk_trevorc_7916 gobmk_trevorc/7916 0 0 20 20
gobmk_trevorc_6458 gobmk_trevorc/6458 0 0 20 20
milc_1309 milc/1309 0 0 20 20
milc_31721 milc/31721 0 0 20 20
milc_17368 milc/17368 0 0 20 20
milc_8973 milc/8973 0 0 20 20
milc_12654 milc/12654 0 0 20 20
milc_8279 milc/8279 0 0 20 20
milc_5116 milc/5116 0 0 20 20
gobmk_score2_13713 gobmk_score2/13713 0 0 20 20
gobmk_score2_4597 gobmk_score2/4597 0 0 20 20
gobmk_score2_11729 gobmk_score2/11729 0 0 20 20
gobmk_score2_14402 gobmk_score2/14402 0 0 20 20
gobmk_score2_14133 gobmk_score2/14133 0 0 20 20
gobmk_score2_8112 gobmk_score2/8112 0 0 20 20
povray_26628 povray/26628 0 0 20 20
povray_39053 povray/39053 0 0 20 20
povray_34014 povray/34014 0 0 20 20
povray_13677 povray/13677 0 0 20 20
povray_37386 povray/37386 0 0 20 20
povray_10202 povray/10202 0 0 20 20
povray_29604 povray/29604 0 0 20 20
povray_21308 povray/21308 0 0 20 20
gcc_expr2_2551 gcc_expr2/2551 0 0 20 20
gcc_expr2_6791 gcc_expr2/6791 0 0 20 20
gcc_expr2_1803 gcc_expr2/1803 0 0 20 20
gcc_expr2_6943 gcc_expr2/6943 0 0 20 20
gcc_scilab_2811 gcc_scilab/2811 0 0 20 20
gcc_scilab_258 gcc_scilab/258 0 0 20 20
gcc_scilab_1438 gcc_scilab/1438 0 0 20 20
gcc_scilab_2089 gcc_scilab/2089 0 0 20 20
gcc_scilab_2693 gcc_scilab/2693 0 0 20 20
gcc_s04_1824 gcc_s04/1824 0 0 20 20
gcc_s04_6031 gcc_s04/6031 0 0 20 20
gcc_s04_7945 gcc_s04/7945 0 0 20 20
gcc_s04_1315 gcc_s04/1315 0 0 20 20
h264ref_foreman.main_13468 h264ref_foreman.main/13468 0 0 20 20
h264ref_foreman.main_12419 h264ref_foreman.main/12419 0 0 20 20
h264ref_foreman.main_8751 h264ref_foreman.main/8751 0 0 20 20
h264ref_foreman.main_16107 h264ref_foreman.main/16107 0 0 20 20
h264ref_foreman.main_3807 h264ref_foreman.main/3807 0 0 20 20
h264ref_foreman.main_12369 h264ref_foreman.main/12369 0 0 20 20
h264ref_foreman.main_1495 h264ref_foreman.main/1495 0 0 20 20
h264ref_foreman.main_22387 h264ref_foreman.main/22387 0 0 20 20
hmmer_nph3_33586 hmmer_nph3/33586 0 0 20 20
hmmer_nph3_2887 hmmer_nph3/2887 0 0 20 20
hmmer_nph3_9545 hmmer_nph3/9545 0 0 20 20
gamess_triazolium_175608 gamess_triazolium/175608 0 0 20 20
gamess_triazolium_63874 gamess_triazolium/63874 0 0 20 20
gamess_triazolium_48031 gamess_triazolium/48031 0 0 20 20
gamess_triazolium_104427 gamess_triazolium/104427 0 0 20 20
gamess_triazolium_193880 gamess_triazolium/193880 0 0 20 20
gamess_triazolium_121985 gamess_triazolium/121985 0 0 20 20
gamess_triazolium_5891 gamess_triazolium/5891 0 0 20 20
h264ref_foreman.baseline_1062 h264ref_foreman.baseline/1062 0 0 20 20
h264ref_foreman.baseline_17931 h264ref_foreman.baseline/17931 0 0 20 20
h264ref_foreman.baseline_15239 h264ref_foreman.baseline/15239 0 0 20 20
h264ref_foreman.baseline_793 h264ref_foreman.baseline/793 0 0 20 20
h264ref_foreman.baseline_369 h264ref_foreman.baseline/369 0 0 20 20
h264ref_foreman.baseline_20138 h264ref_foreman.baseline/20138 0 0 20 20
sjeng_24973 sjeng/24973 0 0 20 20
sjeng_66175 sjeng/66175 0 0 20 20
sjeng_82720 sjeng/82720 0 0 20 20
sjeng_84999 sjeng/84999 0 0 20 20
sjeng_983 sjeng/983 0 0 20 20
gamess_gradient_32473 gamess_gradient/32473 0 0 20 20
gamess_gradient_24975 gamess_gradient/24975 0 0 20 20
gamess_gradient_30179 gamess_gradient/30179 0 0 20 20
gamess_gradient_33957 gamess_gradient/33957 0 0 20 20
gamess_gradient_39862 gamess_gradient/39862 0 0 20 20
gamess_gradient_16837 gamess_gradient/16837 0 0 20 20
bzip2_chicken_2820 bzip2_chicken/2820 0 0 20 20
bzip2_chicken_3610 bzip2_chicken/3610 0 0 20 20
bzip2_chicken_3301 bzip2_chicken/3301 0 0 20 20
perlbench_checkspam_9118 perlbench_checkspam/9118 0 0 20 20
perlbench_checkspam_32626 perlbench_checkspam/32626 0 0 20 20
perlbench_checkspam_25976 perlbench_checkspam/25976 0 0 20 20
perlbench_checkspam_31059 perlbench_checkspam/31059 0 0 20 20
perlbench_checkspam_20915 perlbench_checkspam/20915 0 0 20 20
gobmk_trevord_7593 gobmk_trevord/7593 0 0 20 20
gobmk_trevord_4165 gobmk_trevord/4165 0 0 20 20
gobmk_trevord_5970 gobmk_trevord/5970 0 0 20 20
gobmk_trevord_10532 gobmk_trevord/10532 0 0 20 20
gobmk_trevord_1111 gobmk_trevord/1111 0 0 20 20
gobmk_trevord_7886 gobmk_trevord/7886 0 0 20 20
gcc_g23_8992 gcc_g23/8992 0 0 20 20
gcc_g23_535 gcc_g23/535 0 0 20 20
gcc_g23_3559 gcc_g23/3559 0 0 20 20
gcc_g23_7011 gcc_g23/7011 0 0 20 20
gcc_166_1237 gcc_166/1237 0 0 20 20
gcc_166_2274 gcc_166/2274 0 0 20 20
gcc_166_2766 gcc_166/2766 0 0 20 20
gcc_166_1894 gcc_166/1894 0 0 20 20
libquantum_64624 libquantum/64624 0 0 20 20
libquantum_72640 libquantum/72640 0 0 20 20
libquantum_22269 libquantum/22269 0 0 20 20
libquantum_15361 libquantum/15361 0 0 20 20
bzip2_program_1370 bzip2_program/1370 0 0 20 20
bzip2_program_1766 bzip2_program/1766 0 0 20 20
bzip2_program_1805 bzip2_program/1805 0 0 20 20
bzip2_program_16771 bzip2_program/16771 0 0 20 20
bzip2_program_19673 bzip2_program/19673 0 0 20 20
leslie3d_80645 leslie3d/80645 0 0 20 20
leslie3d_68289 leslie3d/68289 0 0 20 20
leslie3d_4360 leslie3d/4360 0 0 20 20
wrf_90729 wrf/90729 0 0 20 20
wrf_698 wrf/698 0 0 20 20
wrf_125157 wrf/125157 0 0 20 20
wrf_102864 wrf/102864 0 0 20 20
wrf_54845 wrf/54845 0 0 20 20
wrf_35600 wrf/35600 0 0 20 20
wrf_8021 wrf/8021 0 0 20 20
bzip2_liberty_4623 bzip2_liberty/4623 0 0 20 20
bzip2_liberty_8743 bzip2_liberty/8743 0 0 20 20
bzip2_liberty_14837 bzip2_liberty/14837 0 0 20 20
namd_68716 namd/68716 0 0 20 20
namd_29146 namd/29146 0 0 20 20
namd_55073 namd/55073 0 0 20 20
namd_41738 namd/41738 0 0 20 20
namd_58329 namd/58329 0 0 20 20
namd_13387 namd/13387 0 0 20 20
namd_68104 namd/68104 0 0 20 20
namd_68819 namd/68819 0 0 20 20
namd_6460 namd/6460 0 0 20 20
namd_6094 namd/6094 0 0 20 20
hmmer_retro_95209 hmmer_retro/95209 0 0 20 20
hmmer_retro_67522 hmmer_retro/67522 0 0 20 20
hmmer_retro_34987 hmmer_retro/34987 0 0 20 20
hmmer_retro_36287 hmmer_retro/36287 0 0 20 20
hmmer_retro_77093 hmmer_retro/77093 0 0 20 20
hmmer_retro_12637 hmmer_retro/12637 0 0 20 20
GemsFDTD_28980 GemsFDTD/28980 0 0 20 20
GemsFDTD_59041 GemsFDTD/59041 0 0 20 20
GemsFDTD_30385 GemsFDTD/30385 0 0 20 20
dealII_55586 dealII/55586 0 0 20 20
dealII_14902 dealII/14902 0 0 20 20
dealII_46368 dealII/46368 0 0 20 20
dealII_29521 dealII/29521 0 0 20 20
dealII_5820 dealII/5820 0 0 20 20
gobmk_13x13_5433 gobmk_13x13/5433 0 0 20 20
gobmk_13x13_10647 gobmk_13x13/10647 0 0 20 20
gobmk_13x13_6366 gobmk_13x13/6366 0 0 20 20
gobmk_13x13_8061 gobmk_13x13/8061 0 0 20 20
gobmk_13x13_6530 gobmk_13x13/6530 0 0 20 20
lbm_12578 lbm/12578 0 0 20 20
lbm_7139 lbm/7139 0 0 20 20
h264ref_sss_62882 h264ref_sss/62882 0 0 20 20
h264ref_sss_13382 h264ref_sss/13382 0 0 20 20
h264ref_sss_27815 h264ref_sss/27815 0 0 20 20
h264ref_sss_5682 h264ref_sss/5682 0 0 20 20
h264ref_sss_94143 h264ref_sss/94143 0 0 20 20
h264ref_sss_82971 h264ref_sss/82971 0 0 20 20
h264ref_sss_23954 h264ref_sss/23954 0 0 20 20
h264ref_sss_184465 h264ref_sss/184465 0 0 20 20
